2025-09-04 20:52:45,685 - __main__ - INFO - Debug logging enabled
2025-09-04 20:52:45,689 - __main__ - INFO - Configuration loaded from config/HDJ864L_live.yaml
2025-09-04 20:52:45,689 - __main__ - INFO - Mock camera mode enabled
2025-09-04 20:52:45,689 - __main__ - INFO - Initializing Taxi Counter Application...
2025-09-04 20:52:45,689 - __main__ - INFO - Initializing passenger counter...
2025-09-04 20:52:45,725 - src.computer_vision.person_detector - INFO - Loading YOLO model: yolov8n.pt
2025-09-04 20:52:51,569 - src.computer_vision.person_detector - INFO - Model loaded successfully on device: mps
2025-09-04 20:52:51,570 - __main__ - INFO - Initializing anti-fraud manager...
2025-09-04 20:52:51,570 - src.face_tracking.face_tracker - WARNING - Face recognition not available - face tracking disabled
2025-09-04 20:52:51,570 - __main__ - INFO - Application initialized successfully
2025-09-04 20:52:51,570 - __main__ - INFO - Starting Taxi Counter Application...
2025-09-04 20:52:51,570 - src.computer_vision.camera_stream - ERROR - Error initializing camera: 'usb_camera_index'
2025-09-04 20:52:51,570 - src.computer_vision.passenger_counter - ERROR - Failed to start camera stream
2025-09-04 20:52:51,570 - __main__ - ERROR - Failed to start passenger counter
2025-09-04 20:52:51,570 - __main__ - ERROR - Failed to start application
2025-09-04 20:52:51,570 - __main__ - INFO - Shutting down application...
2025-09-04 20:52:51,570 - src.computer_vision.camera_stream - INFO - Camera stream stopped
2025-09-04 20:52:51,570 - src.computer_vision.passenger_counter - INFO - Passenger counter stopped
2025-09-04 20:52:51,570 - __main__ - INFO - Application shutdown complete
2025-09-04 20:53:37,145 - __main__ - INFO - Debug logging enabled
2025-09-04 20:53:37,147 - __main__ - INFO - Configuration loaded from config/HDJ864L_live.yaml
2025-09-04 20:53:37,147 - __main__ - INFO - Initializing Taxi Counter Application...
2025-09-04 20:53:37,147 - __main__ - INFO - Initializing passenger counter...
2025-09-04 20:53:37,162 - src.computer_vision.person_detector - INFO - Loading YOLO model: yolov8n.pt
2025-09-04 20:53:37,257 - src.computer_vision.person_detector - INFO - Model loaded successfully on device: mps
2025-09-04 20:53:37,257 - __main__ - INFO - Initializing anti-fraud manager...
2025-09-04 20:53:37,257 - src.face_tracking.face_tracker - WARNING - Face recognition not available - face tracking disabled
2025-09-04 20:53:37,257 - __main__ - INFO - Application initialized successfully
2025-09-04 20:53:37,257 - __main__ - INFO - Starting Taxi Counter Application...
2025-09-04 20:53:38,234 - src.computer_vision.camera_stream - INFO - Camera initialized: {'width': 2304, 'height': 1296, 'fps': 25.0, 'frame_count': 0, 'is_connected': False, 'source': 'rtsp://admin:Random336%23@192.168.3.200:554/stream1'}
2025-09-04 20:53:38,235 - src.computer_vision.camera_stream - INFO - Camera stream started: rtsp://admin:Random336%23@192.168.3.200:554/stream1
2025-09-04 20:53:38,236 - src.computer_vision.passenger_counter - INFO - Passenger counter started successfully
2025-09-04 20:53:38,236 - __main__ - INFO - Application started successfully
2025-09-04 20:53:38,236 - __main__ - INFO - Entering main application loop...
2025-09-04 20:53:43,917 - src.computer_vision.person_detector - DEBUG - Detected 0 people
2025-09-04 20:53:43,966 - src.computer_vision.person_detector - DEBUG - Detected 0 people
2025-09-04 20:53:43,994 - src.computer_vision.person_detector - DEBUG - Detected 0 people
2025-09-04 20:53:44,057 - src.computer_vision.person_detector - DEBUG - Detected 0 people
2025-09-04 20:53:44,085 - src.computer_vision.person_detector - DEBUG - Detected 0 people
2025-09-04 20:53:44,106 - src.computer_vision.person_detector - DEBUG - Detected 0 people
2025-09-04 20:53:44,219 - src.computer_vision.person_detector - DEBUG - Detected 0 people
2025-09-04 20:53:44,358 - src.computer_vision.person_detector - DEBUG - Detected 0 people
2025-09-04 20:53:44,453 - src.computer_vision.person_detector - DEBUG - Detected 0 people
2025-09-04 20:53:44,581 - src.computer_vision.person_detector - DEBUG - Detected 0 people
2025-09-04 20:53:44,694 - src.computer_vision.person_detector - DEBUG - Detected 0 people
2025-09-04 20:53:44,814 - src.computer_vision.person_detector - DEBUG - Detected 0 people
2025-09-04 20:53:44,931 - src.computer_vision.person_detector - DEBUG - Detected 0 people
2025-09-04 20:53:45,057 - src.computer_vision.person_detector - DEBUG - Detected 0 people
2025-09-04 20:53:45,183 - src.computer_vision.person_detector - DEBUG - Detected 0 people
2025-09-04 20:53:45,304 - src.computer_vision.person_detector - DEBUG - Detected 0 people
2025-09-04 20:53:45,440 - src.computer_vision.person_detector - DEBUG - Detected 0 people
2025-09-04 20:53:45,549 - src.computer_vision.person_detector - DEBUG - Detected 0 people
2025-09-04 20:53:45,665 - src.computer_vision.person_detector - DEBUG - Detected 0 people
2025-09-04 20:53:45,789 - src.computer_vision.person_detector - DEBUG - Detected 0 people
2025-09-04 20:53:45,900 - src.computer_vision.person_detector - DEBUG - Detected 0 people
2025-09-04 20:53:46,017 - src.computer_vision.person_detector - DEBUG - Detected 0 people
2025-09-04 20:53:46,138 - src.computer_vision.person_detector - DEBUG - Detected 0 people
2025-09-04 20:53:46,254 - src.computer_vision.person_detector - DEBUG - Detected 0 people
2025-09-04 20:53:46,375 - src.computer_vision.person_detector - DEBUG - Detected 0 people
2025-09-04 20:53:46,497 - src.computer_vision.person_detector - DEBUG - Detected 0 people
2025-09-04 20:53:46,613 - src.computer_vision.person_detector - DEBUG - Detected 0 people
2025-09-04 20:53:46,761 - src.computer_vision.person_detector - DEBUG - Detected 0 people
2025-09-04 20:53:46,844 - src.computer_vision.person_detector - DEBUG - Detected 0 people
2025-09-04 20:53:46,979 - src.computer_vision.person_detector - DEBUG - Detected 0 people
2025-09-04 20:53:47,093 - src.computer_vision.person_detector - DEBUG - Detected 0 people
2025-09-04 20:53:47,217 - src.computer_vision.person_detector - DEBUG - Detected 0 people
2025-09-04 20:53:47,345 - src.computer_vision.person_detector - DEBUG - Detected 0 people
2025-09-04 20:53:47,453 - src.computer_vision.person_detector - DEBUG - Detected 0 people
2025-09-04 20:53:47,574 - src.computer_vision.person_detector - DEBUG - Detected 0 people
2025-09-04 20:53:47,694 - src.computer_vision.person_detector - DEBUG - Detected 0 people
2025-09-04 20:53:47,824 - src.computer_vision.person_detector - DEBUG - Detected 0 people
2025-09-04 20:53:47,933 - src.computer_vision.person_detector - DEBUG - Detected 0 people
2025-09-04 20:53:48,052 - src.computer_vision.person_detector - DEBUG - Detected 0 people
2025-09-04 20:53:48,174 - src.computer_vision.person_detector - DEBUG - Detected 0 people
2025-09-04 20:53:48,238 - __main__ - DEBUG - Status - Count: 0, FPS: 8.3
2025-09-04 20:53:48,283 - src.computer_vision.person_detector - DEBUG - Detected 0 people
2025-09-04 20:53:48,414 - src.computer_vision.person_detector - DEBUG - Detected 0 people
2025-09-04 20:53:48,540 - src.computer_vision.person_detector - DEBUG - Detected 0 people
2025-09-04 20:53:48,654 - src.computer_vision.person_detector - DEBUG - Detected 0 people
2025-09-04 20:53:48,777 - src.computer_vision.person_detector - DEBUG - Detected 0 people
2025-09-04 20:53:48,924 - src.computer_vision.person_detector - DEBUG - Detected 0 people
2025-09-04 20:53:49,005 - src.computer_vision.person_detector - DEBUG - Detected 0 people
2025-09-04 20:53:49,136 - src.computer_vision.person_detector - DEBUG - Detected 0 people
2025-09-04 20:53:49,258 - src.computer_vision.person_detector - DEBUG - Detected 0 people
2025-09-04 20:53:49,379 - src.computer_vision.person_detector - DEBUG - Detected 0 people
2025-09-04 20:53:49,488 - src.computer_vision.person_detector - DEBUG - Detected 0 people
2025-09-04 20:53:49,631 - src.computer_vision.person_detector - DEBUG - Detected 0 people
2025-09-04 20:53:49,743 - src.computer_vision.person_detector - DEBUG - Detected 0 people
2025-09-04 20:53:49,868 - src.computer_vision.person_detector - DEBUG - Detected 0 people
2025-09-04 20:53:49,977 - src.computer_vision.person_detector - DEBUG - Detected 0 people
2025-09-04 20:53:50,096 - src.computer_vision.person_detector - DEBUG - Detected 0 people
2025-09-04 20:53:50,217 - src.computer_vision.person_detector - DEBUG - Detected 0 people
2025-09-04 20:53:50,342 - src.computer_vision.person_detector - DEBUG - Detected 0 people
2025-09-04 20:53:50,459 - src.computer_vision.person_detector - DEBUG - Detected 0 people
2025-09-04 20:53:50,579 - src.computer_vision.person_detector - DEBUG - Detected 0 people
2025-09-04 20:53:50,699 - src.computer_vision.person_detector - DEBUG - Detected 0 people
2025-09-04 20:53:50,819 - src.computer_vision.person_detector - DEBUG - Detected 0 people
2025-09-04 20:53:50,944 - src.computer_vision.person_detector - DEBUG - Detected 0 people
2025-09-04 20:53:51,056 - src.computer_vision.person_detector - DEBUG - Detected 0 people
2025-09-04 20:53:51,174 - src.computer_vision.person_detector - DEBUG - Detected 0 people
2025-09-04 20:53:51,338 - src.computer_vision.person_detector - DEBUG - Detected 0 people
2025-09-04 20:53:51,410 - src.computer_vision.person_detector - DEBUG - Detected 0 people
2025-09-04 20:53:51,537 - src.computer_vision.person_detector - DEBUG - Detected 0 people
2025-09-04 20:53:51,652 - src.computer_vision.person_detector - DEBUG - Detected 0 people
2025-09-04 20:53:51,772 - src.computer_vision.person_detector - DEBUG - Detected 0 people
2025-09-04 20:53:51,926 - src.computer_vision.person_detector - DEBUG - Detected 0 people
2025-09-04 20:53:52,011 - src.computer_vision.person_detector - DEBUG - Detected 0 people
2025-09-04 20:53:52,133 - src.computer_vision.person_detector - DEBUG - Detected 0 people
2025-09-04 20:53:52,258 - src.computer_vision.person_detector - DEBUG - Detected 0 people
2025-09-04 20:53:52,383 - src.computer_vision.person_detector - DEBUG - Detected 0 people
2025-09-04 20:53:52,509 - src.computer_vision.person_detector - DEBUG - Detected 0 people
2025-09-04 20:53:52,618 - src.computer_vision.person_detector - DEBUG - Detected 0 people
2025-09-04 20:53:52,737 - src.computer_vision.person_detector - DEBUG - Detected 0 people
2025-09-04 20:53:52,857 - src.computer_vision.person_detector - DEBUG - Detected 0 people
2025-09-04 20:53:52,970 - src.computer_vision.person_detector - DEBUG - Detected 0 people
2025-09-04 20:53:53,098 - src.computer_vision.person_detector - DEBUG - Detected 0 people
2025-09-04 20:53:53,211 - src.computer_vision.person_detector - DEBUG - Detected 0 people
2025-09-04 20:53:53,240 - __main__ - DEBUG - Status - Count: 0, FPS: 8.2
2025-09-04 20:53:53,353 - src.computer_vision.person_detector - DEBUG - Detected 0 people
2025-09-04 20:53:53,454 - src.computer_vision.person_detector - DEBUG - Detected 0 people
2025-09-04 20:53:53,579 - src.computer_vision.person_detector - DEBUG - Detected 0 people
2025-09-04 20:53:53,685 - src.computer_vision.person_detector - DEBUG - Detected 0 people
2025-09-04 20:53:53,829 - src.computer_vision.person_detector - DEBUG - Detected 0 people
2025-09-04 20:53:53,951 - src.computer_vision.person_detector - DEBUG - Detected 0 people
2025-09-04 20:53:54,051 - src.computer_vision.person_detector - DEBUG - Detected 0 people
2025-09-04 20:53:54,178 - src.computer_vision.person_detector - DEBUG - Detected 0 people
2025-09-04 20:53:54,300 - src.computer_vision.person_detector - DEBUG - Detected 0 people
2025-09-04 20:53:54,417 - src.computer_vision.person_detector - DEBUG - Detected 0 people
2025-09-04 20:53:54,537 - src.computer_vision.person_detector - DEBUG - Detected 0 people
2025-09-04 20:53:54,657 - src.computer_vision.person_detector - DEBUG - Detected 0 people
2025-09-04 20:53:54,786 - src.computer_vision.person_detector - DEBUG - Detected 0 people
2025-09-04 20:53:54,893 - src.computer_vision.person_detector - DEBUG - Detected 0 people
2025-09-04 20:53:55,016 - src.computer_vision.person_detector - DEBUG - Detected 0 people
2025-09-04 20:53:55,148 - src.computer_vision.person_detector - DEBUG - Detected 0 people
2025-09-04 20:53:55,260 - src.computer_vision.person_detector - DEBUG - Detected 0 people
2025-09-04 20:53:55,385 - src.computer_vision.person_detector - DEBUG - Detected 0 people
2025-09-04 20:53:55,495 - src.computer_vision.person_detector - DEBUG - Detected 0 people
2025-09-04 20:53:55,614 - src.computer_vision.person_detector - DEBUG - Detected 0 people
2025-09-04 20:53:55,735 - src.computer_vision.person_detector - DEBUG - Detected 0 people
2025-09-04 20:53:55,892 - src.computer_vision.person_detector - DEBUG - Detected 0 people
2025-09-04 20:53:56,000 - src.computer_vision.person_detector - DEBUG - Detected 0 people
2025-09-04 20:53:56,121 - src.computer_vision.person_detector - DEBUG - Detected 0 people
2025-09-04 20:53:56,211 - src.computer_vision.person_detector - DEBUG - Detected 0 people
2025-09-04 20:53:56,351 - src.computer_vision.person_detector - DEBUG - Detected 0 people
2025-09-04 20:53:56,455 - src.computer_vision.person_detector - DEBUG - Detected 0 people
2025-09-04 20:53:56,572 - src.computer_vision.person_detector - DEBUG - Detected 0 people
2025-09-04 20:53:56,695 - src.computer_vision.person_detector - DEBUG - Detected 0 people
2025-09-04 20:53:56,808 - src.computer_vision.person_detector - DEBUG - Detected 0 people
2025-09-04 20:53:56,935 - src.computer_vision.person_detector - DEBUG - Detected 0 people
2025-09-04 20:53:57,054 - src.computer_vision.person_detector - DEBUG - Detected 0 people
2025-09-04 20:53:57,180 - src.computer_vision.person_detector - DEBUG - Detected 0 people
2025-09-04 20:53:57,296 - src.computer_vision.person_detector - DEBUG - Detected 0 people
2025-09-04 20:53:57,419 - src.computer_vision.person_detector - DEBUG - Detected 0 people
2025-09-04 20:53:57,545 - src.computer_vision.person_detector - DEBUG - Detected 0 people
2025-09-04 20:53:57,649 - src.computer_vision.person_detector - DEBUG - Detected 0 people
2025-09-04 20:53:57,779 - src.computer_vision.person_detector - DEBUG - Detected 0 people
2025-09-04 20:53:57,902 - src.computer_vision.person_detector - DEBUG - Detected 0 people
2025-09-04 20:53:58,082 - src.computer_vision.person_detector - DEBUG - Detected 0 people
2025-09-04 20:53:58,177 - src.computer_vision.person_detector - DEBUG - Detected 0 people
2025-09-04 20:53:58,241 - __main__ - DEBUG - Status - Count: 0, FPS: 8.2
2025-09-04 20:53:58,252 - src.computer_vision.person_detector - DEBUG - Detected 0 people
2025-09-04 20:53:58,372 - src.computer_vision.person_detector - DEBUG - Detected 0 people
2025-09-04 20:53:58,499 - src.computer_vision.person_detector - DEBUG - Detected 0 people
2025-09-04 20:53:58,628 - src.computer_vision.person_detector - DEBUG - Detected 0 people
2025-09-04 20:53:58,732 - src.computer_vision.person_detector - DEBUG - Detected 0 people
2025-09-04 20:53:58,873 - src.computer_vision.person_detector - DEBUG - Detected 0 people
2025-09-04 20:53:58,983 - src.computer_vision.person_detector - DEBUG - Detected 0 people
2025-09-04 20:53:59,094 - src.computer_vision.person_detector - DEBUG - Detected 0 people
2025-09-04 20:53:59,216 - src.computer_vision.person_detector - DEBUG - Detected 0 people
2025-09-04 20:53:59,345 - src.computer_vision.person_detector - DEBUG - Detected 0 people
2025-09-04 20:53:59,457 - src.computer_vision.person_detector - DEBUG - Detected 0 people
2025-09-04 20:53:59,563 - src.computer_vision.person_detector - DEBUG - Detected 0 people
2025-09-04 20:53:59,693 - src.computer_vision.person_detector - DEBUG - Detected 0 people
2025-09-04 20:53:59,812 - src.computer_vision.person_detector - DEBUG - Detected 0 people
2025-09-04 20:53:59,948 - src.computer_vision.person_detector - DEBUG - Detected 0 people
2025-09-04 20:54:00,094 - src.computer_vision.person_detector - DEBUG - Detected 0 people
2025-09-04 20:54:00,247 - src.computer_vision.person_detector - DEBUG - Detected 0 people
2025-09-04 20:54:00,296 - src.computer_vision.person_detector - DEBUG - Detected 0 people
2025-09-04 20:54:00,420 - src.computer_vision.person_detector - DEBUG - Detected 0 people
2025-09-04 20:54:00,534 - src.computer_vision.person_detector - DEBUG - Detected 0 people
2025-09-04 20:54:00,651 - src.computer_vision.person_detector - DEBUG - Detected 0 people
2025-09-04 20:54:00,778 - src.computer_vision.person_detector - DEBUG - Detected 0 people
2025-09-04 20:54:00,898 - src.computer_vision.person_detector - DEBUG - Detected 0 people
2025-09-04 20:54:01,012 - src.computer_vision.person_detector - DEBUG - Detected 0 people
2025-09-04 20:54:01,132 - src.computer_vision.person_detector - DEBUG - Detected 0 people
2025-09-04 20:54:01,272 - src.computer_vision.person_detector - DEBUG - Detected 0 people
2025-09-04 20:54:01,372 - src.computer_vision.person_detector - DEBUG - Detected 0 people
2025-09-04 20:54:01,503 - src.computer_vision.person_detector - DEBUG - Detected 0 people
2025-09-04 20:54:01,619 - src.computer_vision.person_detector - DEBUG - Detected 0 people
2025-09-04 20:54:01,741 - src.computer_vision.person_detector - DEBUG - Detected 0 people
2025-09-04 20:54:01,873 - src.computer_vision.person_detector - DEBUG - Detected 0 people
2025-09-04 20:54:01,974 - src.computer_vision.person_detector - DEBUG - Detected 0 people
2025-09-04 20:54:02,093 - src.computer_vision.person_detector - DEBUG - Detected 0 people
2025-09-04 20:54:02,214 - src.computer_vision.person_detector - DEBUG - Detected 0 people
2025-09-04 20:54:02,334 - src.computer_vision.person_detector - DEBUG - Detected 0 people
2025-09-04 20:54:02,455 - src.computer_vision.person_detector - DEBUG - Detected 0 people
2025-09-04 20:54:02,572 - src.computer_vision.person_detector - DEBUG - Detected 0 people
2025-09-04 20:54:02,694 - src.computer_vision.person_detector - DEBUG - Detected 0 people
2025-09-04 20:54:02,812 - src.computer_vision.person_detector - DEBUG - Detected 0 people
2025-09-04 20:54:02,931 - src.computer_vision.person_detector - DEBUG - Detected 0 people
2025-09-04 20:54:03,053 - src.computer_vision.person_detector - DEBUG - Detected 0 people
2025-09-04 20:54:03,172 - src.computer_vision.person_detector - DEBUG - Detected 0 people
2025-09-04 20:54:03,243 - __main__ - DEBUG - Status - Count: 0, FPS: 8.3
2025-09-04 20:54:03,292 - src.computer_vision.person_detector - DEBUG - Detected 0 people
2025-09-04 20:54:03,418 - src.computer_vision.person_detector - DEBUG - Detected 0 people
2025-09-04 20:54:03,539 - src.computer_vision.person_detector - DEBUG - Detected 0 people
2025-09-04 20:54:03,658 - src.computer_vision.person_detector - DEBUG - Detected 0 people
2025-09-04 20:54:03,773 - src.computer_vision.person_detector - DEBUG - Detected 0 people
2025-09-04 20:54:03,900 - src.computer_vision.person_detector - DEBUG - Detected 0 people
2025-09-04 20:54:04,021 - src.computer_vision.person_detector - DEBUG - Detected 0 people
2025-09-04 20:54:04,147 - src.computer_vision.person_detector - DEBUG - Detected 0 people
2025-09-04 20:54:04,258 - src.computer_vision.person_detector - DEBUG - Detected 0 people
2025-09-04 20:54:04,379 - src.computer_vision.person_detector - DEBUG - Detected 0 people
2025-09-04 20:54:04,493 - src.computer_vision.person_detector - DEBUG - Detected 0 people
2025-09-04 20:54:04,612 - src.computer_vision.person_detector - DEBUG - Detected 0 people
2025-09-04 20:54:04,738 - src.computer_vision.person_detector - DEBUG - Detected 0 people
2025-09-04 20:54:04,863 - src.computer_vision.person_detector - DEBUG - Detected 0 people
2025-09-04 20:54:04,980 - src.computer_vision.person_detector - DEBUG - Detected 0 people
2025-09-04 20:54:05,094 - src.computer_vision.person_detector - DEBUG - Detected 0 people
2025-09-04 20:54:05,216 - src.computer_vision.person_detector - DEBUG - Detected 0 people
2025-09-04 20:54:05,349 - src.computer_vision.person_detector - DEBUG - Detected 0 people
2025-09-04 20:54:05,457 - src.computer_vision.person_detector - DEBUG - Detected 0 people
2025-09-04 20:54:05,581 - src.computer_vision.person_detector - DEBUG - Detected 0 people
2025-09-04 20:54:05,709 - src.computer_vision.person_detector - DEBUG - Detected 0 people
2025-09-04 20:54:05,809 - src.computer_vision.person_detector - DEBUG - Detected 0 people
2025-09-04 20:54:05,937 - src.computer_vision.person_detector - DEBUG - Detected 0 people
2025-09-04 20:54:06,054 - src.computer_vision.person_detector - DEBUG - Detected 0 people
2025-09-04 20:54:06,176 - src.computer_vision.person_detector - DEBUG - Detected 0 people
2025-09-04 20:54:06,300 - src.computer_vision.person_detector - DEBUG - Detected 0 people
2025-09-04 20:54:06,422 - src.computer_vision.person_detector - DEBUG - Detected 0 people
2025-09-04 20:54:06,601 - src.computer_vision.person_detector - DEBUG - Detected 0 people
2025-09-04 20:54:06,654 - src.computer_vision.person_detector - DEBUG - Detected 0 people
2025-09-04 20:54:06,771 - src.computer_vision.person_detector - DEBUG - Detected 0 people
2025-09-04 20:54:06,906 - src.computer_vision.person_detector - DEBUG - Detected 0 people
2025-09-04 20:54:07,014 - src.computer_vision.person_detector - DEBUG - Detected 0 people
2025-09-04 20:54:07,132 - src.computer_vision.person_detector - DEBUG - Detected 0 people
2025-09-04 20:54:07,257 - src.computer_vision.person_detector - DEBUG - Detected 0 people
2025-09-04 20:54:07,376 - src.computer_vision.person_detector - DEBUG - Detected 0 people
2025-09-04 20:54:07,501 - src.computer_vision.person_detector - DEBUG - Detected 0 people
2025-09-04 20:54:07,621 - src.computer_vision.person_detector - DEBUG - Detected 0 people
2025-09-04 20:54:07,737 - src.computer_vision.person_detector - DEBUG - Detected 0 people
2025-09-04 20:54:07,876 - src.computer_vision.person_detector - DEBUG - Detected 0 people
2025-09-04 20:54:07,975 - src.computer_vision.person_detector - DEBUG - Detected 0 people
2025-09-04 20:54:08,095 - src.computer_vision.person_detector - DEBUG - Detected 0 people
2025-09-04 20:54:08,214 - src.computer_vision.person_detector - DEBUG - Detected 0 people
2025-09-04 20:54:08,244 - __main__ - DEBUG - Status - Count: 0, FPS: 8.8
2025-09-04 20:54:08,347 - src.computer_vision.person_detector - DEBUG - Detected 0 people
2025-09-04 20:54:08,457 - src.computer_vision.person_detector - DEBUG - Detected 0 people
2025-09-04 20:54:08,574 - src.computer_vision.person_detector - DEBUG - Detected 0 people
2025-09-04 20:54:08,696 - src.computer_vision.person_detector - DEBUG - Detected 0 people
2025-09-04 20:54:08,819 - src.computer_vision.person_detector - DEBUG - Detected 0 people
2025-09-04 20:54:08,937 - src.computer_vision.person_detector - DEBUG - Detected 0 people
2025-09-04 20:54:09,057 - src.computer_vision.person_detector - DEBUG - Detected 0 people
2025-09-04 20:54:09,177 - src.computer_vision.person_detector - DEBUG - Detected 0 people
2025-09-04 20:54:09,296 - src.computer_vision.person_detector - DEBUG - Detected 0 people
2025-09-04 20:54:09,418 - src.computer_vision.person_detector - DEBUG - Detected 0 people
2025-09-04 20:54:09,546 - src.computer_vision.person_detector - DEBUG - Detected 0 people
2025-09-04 20:54:09,656 - src.computer_vision.person_detector - DEBUG - Detected 0 people
2025-09-04 20:54:09,778 - src.computer_vision.person_detector - DEBUG - Detected 0 people
2025-09-04 20:54:09,898 - src.computer_vision.person_detector - DEBUG - Detected 0 people
2025-09-04 20:54:10,017 - src.computer_vision.person_detector - DEBUG - Detected 0 people
2025-09-04 20:54:10,139 - src.computer_vision.person_detector - DEBUG - Detected 0 people
2025-09-04 20:54:10,257 - src.computer_vision.person_detector - DEBUG - Detected 0 people
2025-09-04 20:54:10,375 - src.computer_vision.person_detector - DEBUG - Detected 0 people
2025-09-04 20:54:10,499 - src.computer_vision.person_detector - DEBUG - Detected 0 people
2025-09-04 20:54:10,616 - src.computer_vision.person_detector - DEBUG - Detected 0 people
2025-09-04 20:54:10,732 - src.computer_vision.person_detector - DEBUG - Detected 0 people
2025-09-04 20:54:10,851 - src.computer_vision.person_detector - DEBUG - Detected 0 people
2025-09-04 20:54:10,972 - src.computer_vision.person_detector - DEBUG - Detected 0 people
2025-09-04 20:54:11,100 - src.computer_vision.person_detector - DEBUG - Detected 0 people
2025-09-04 20:54:11,227 - src.computer_vision.person_detector - DEBUG - Detected 0 people
2025-09-04 20:54:11,359 - src.computer_vision.person_detector - DEBUG - Detected 0 people
2025-09-04 20:54:11,445 - src.computer_vision.person_detector - DEBUG - Detected 0 people
2025-09-04 20:54:11,574 - src.computer_vision.person_detector - DEBUG - Detected 0 people
2025-09-04 20:54:11,692 - src.computer_vision.person_detector - DEBUG - Detected 0 people
2025-09-04 20:54:11,814 - src.computer_vision.person_detector - DEBUG - Detected 0 people
2025-09-04 20:54:11,934 - src.computer_vision.person_detector - DEBUG - Detected 0 people
2025-09-04 20:54:12,061 - src.computer_vision.person_detector - DEBUG - Detected 0 people
2025-09-04 20:54:12,176 - src.computer_vision.person_detector - DEBUG - Detected 0 people
2025-09-04 20:54:12,294 - src.computer_vision.person_detector - DEBUG - Detected 0 people
2025-09-04 20:54:12,414 - src.computer_vision.person_detector - DEBUG - Detected 0 people
2025-09-04 20:54:12,563 - src.computer_vision.person_detector - DEBUG - Detected 0 people
2025-09-04 20:54:12,650 - src.computer_vision.person_detector - DEBUG - Detected 0 people
2025-09-04 20:54:12,775 - src.computer_vision.person_detector - DEBUG - Detected 0 people
2025-09-04 20:54:12,892 - src.computer_vision.person_detector - DEBUG - Detected 0 people
2025-09-04 20:54:13,012 - src.computer_vision.person_detector - DEBUG - Detected 0 people
2025-09-04 20:54:13,131 - src.computer_vision.person_detector - DEBUG - Detected 0 people
2025-09-04 20:54:13,244 - __main__ - DEBUG - Status - Count: 0, FPS: 8.3
2025-09-04 20:54:13,253 - src.computer_vision.person_detector - DEBUG - Detected 0 people
2025-09-04 20:54:13,375 - src.computer_vision.person_detector - DEBUG - Detected 0 people
2025-09-04 20:54:13,487 - src.computer_vision.person_detector - DEBUG - Detected 0 people
2025-09-04 20:54:13,610 - src.computer_vision.person_detector - DEBUG - Detected 0 people
2025-09-04 20:54:13,732 - src.computer_vision.person_detector - DEBUG - Detected 0 people
2025-09-04 20:54:13,856 - src.computer_vision.person_detector - DEBUG - Detected 0 people
2025-09-04 20:54:13,972 - src.computer_vision.person_detector - DEBUG - Detected 0 people
2025-09-04 20:54:14,090 - src.computer_vision.person_detector - DEBUG - Detected 0 people
2025-09-04 20:54:14,213 - src.computer_vision.person_detector - DEBUG - Detected 0 people
2025-09-04 20:54:14,332 - src.computer_vision.person_detector - DEBUG - Detected 0 people
2025-09-04 20:54:14,450 - src.computer_vision.person_detector - DEBUG - Detected 0 people
2025-09-04 20:54:14,608 - src.computer_vision.person_detector - DEBUG - Detected 0 people
2025-09-04 20:54:14,693 - src.computer_vision.person_detector - DEBUG - Detected 0 people
2025-09-04 20:54:14,840 - src.computer_vision.person_detector - DEBUG - Detected 0 people
2025-09-04 20:54:14,939 - src.computer_vision.person_detector - DEBUG - Detected 0 people
2025-09-04 20:54:15,053 - src.computer_vision.person_detector - DEBUG - Detected 0 people
2025-09-04 20:54:15,171 - src.computer_vision.person_detector - DEBUG - Detected 0 people
2025-09-04 20:54:15,295 - src.computer_vision.person_detector - DEBUG - Detected 0 people
2025-09-04 20:54:15,412 - src.computer_vision.person_detector - DEBUG - Detected 0 people
2025-09-04 20:54:15,531 - src.computer_vision.person_detector - DEBUG - Detected 0 people
2025-09-04 20:54:15,650 - src.computer_vision.person_detector - DEBUG - Detected 0 people
2025-09-04 20:54:15,778 - src.computer_vision.person_detector - DEBUG - Detected 0 people
2025-09-04 20:54:15,892 - src.computer_vision.person_detector - DEBUG - Detected 0 people
2025-09-04 20:54:16,009 - src.computer_vision.person_detector - DEBUG - Detected 0 people
2025-09-04 20:54:16,138 - src.computer_vision.person_detector - DEBUG - Detected 0 people
2025-09-04 20:54:16,252 - src.computer_vision.person_detector - DEBUG - Detected 0 people
2025-09-04 20:54:16,401 - src.computer_vision.person_detector - DEBUG - Detected 0 people
2025-09-04 20:54:16,495 - src.computer_vision.person_detector - DEBUG - Detected 0 people
2025-09-04 20:54:16,617 - src.computer_vision.person_detector - DEBUG - Detected 0 people
2025-09-04 20:54:16,748 - src.computer_vision.person_detector - DEBUG - Detected 0 people
2025-09-04 20:54:16,854 - src.computer_vision.person_detector - DEBUG - Detected 0 people
2025-09-04 20:54:16,974 - src.computer_vision.person_detector - DEBUG - Detected 0 people
2025-09-04 20:54:17,094 - src.computer_vision.person_detector - DEBUG - Detected 0 people
2025-09-04 20:54:17,211 - src.computer_vision.person_detector - DEBUG - Detected 0 people
2025-09-04 20:54:17,344 - src.computer_vision.person_detector - DEBUG - Detected 0 people
2025-09-04 20:54:17,451 - src.computer_vision.person_detector - DEBUG - Detected 0 people
2025-09-04 20:54:17,572 - src.computer_vision.person_detector - DEBUG - Detected 0 people
2025-09-04 20:54:17,685 - src.computer_vision.person_detector - DEBUG - Detected 0 people
2025-09-04 20:54:17,813 - src.computer_vision.person_detector - DEBUG - Detected 0 people
2025-09-04 20:54:17,933 - src.computer_vision.person_detector - DEBUG - Detected 0 people
2025-09-04 20:54:18,051 - src.computer_vision.person_detector - DEBUG - Detected 0 people
2025-09-04 20:54:18,170 - src.computer_vision.person_detector - DEBUG - Detected 0 people
2025-09-04 20:54:18,246 - __main__ - DEBUG - Status - Count: 0, FPS: 8.2
2025-09-04 20:54:18,292 - src.computer_vision.person_detector - DEBUG - Detected 0 people
2025-09-04 20:54:18,415 - src.computer_vision.person_detector - DEBUG - Detected 0 people
2025-09-04 20:54:18,536 - src.computer_vision.person_detector - DEBUG - Detected 0 people
2025-09-04 20:54:18,665 - src.computer_vision.person_detector - DEBUG - Detected 0 people
2025-09-04 20:54:18,772 - src.computer_vision.person_detector - DEBUG - Detected 0 people
2025-09-04 20:54:18,895 - src.computer_vision.person_detector - DEBUG - Detected 0 people
2025-09-04 20:54:19,014 - src.computer_vision.person_detector - DEBUG - Detected 0 people
2025-09-04 20:54:19,139 - src.computer_vision.person_detector - DEBUG - Detected 0 people
2025-09-04 20:54:19,253 - src.computer_vision.person_detector - DEBUG - Detected 0 people
2025-09-04 20:54:19,387 - src.computer_vision.person_detector - DEBUG - Detected 0 people
2025-09-04 20:54:19,492 - src.computer_vision.person_detector - DEBUG - Detected 0 people
2025-09-04 20:54:19,611 - src.computer_vision.person_detector - DEBUG - Detected 0 people
2025-09-04 20:54:19,731 - src.computer_vision.person_detector - DEBUG - Detected 0 people
2025-09-04 20:54:19,851 - src.computer_vision.person_detector - DEBUG - Detected 0 people
2025-09-04 20:54:20,026 - src.computer_vision.person_detector - DEBUG - Detected 0 people
2025-09-04 20:54:20,095 - src.computer_vision.person_detector - DEBUG - Detected 0 people
2025-09-04 20:54:20,208 - src.computer_vision.person_detector - DEBUG - Detected 0 people
2025-09-04 20:54:20,334 - src.computer_vision.person_detector - DEBUG - Detected 0 people
2025-09-04 20:54:20,460 - src.computer_vision.person_detector - DEBUG - Detected 0 people
2025-09-04 20:54:20,587 - src.computer_vision.person_detector - DEBUG - Detected 0 people
2025-09-04 20:54:20,704 - src.computer_vision.person_detector - DEBUG - Detected 0 people
2025-09-04 20:54:20,815 - src.computer_vision.person_detector - DEBUG - Detected 0 people
2025-09-04 20:54:20,945 - src.computer_vision.person_detector - DEBUG - Detected 0 people
2025-09-04 20:54:21,058 - src.computer_vision.person_detector - DEBUG - Detected 0 people
2025-09-04 20:54:21,215 - src.computer_vision.person_detector - DEBUG - Detected 0 people
2025-09-04 20:54:21,293 - src.computer_vision.person_detector - DEBUG - Detected 0 people
2025-09-04 20:54:21,417 - src.computer_vision.person_detector - DEBUG - Detected 0 people
2025-09-04 20:54:21,537 - src.computer_vision.person_detector - DEBUG - Detected 0 people
2025-09-04 20:54:21,656 - src.computer_vision.person_detector - DEBUG - Detected 0 people
2025-09-04 20:54:21,777 - src.computer_vision.person_detector - DEBUG - Detected 0 people
2025-09-04 20:54:21,898 - src.computer_vision.person_detector - DEBUG - Detected 0 people
2025-09-04 20:54:22,017 - src.computer_vision.person_detector - DEBUG - Detected 0 people
2025-09-04 20:54:22,135 - src.computer_vision.person_detector - DEBUG - Detected 0 people
2025-09-04 20:54:22,257 - src.computer_vision.person_detector - DEBUG - Detected 0 people
2025-09-04 20:54:22,374 - src.computer_vision.person_detector - DEBUG - Detected 0 people
2025-09-04 20:54:22,497 - src.computer_vision.person_detector - DEBUG - Detected 0 people
2025-09-04 20:54:22,619 - src.computer_vision.person_detector - DEBUG - Detected 0 people
2025-09-04 20:54:22,740 - src.computer_vision.person_detector - DEBUG - Detected 0 people
2025-09-04 20:54:22,855 - src.computer_vision.person_detector - DEBUG - Detected 0 people
2025-09-04 20:54:22,976 - src.computer_vision.person_detector - DEBUG - Detected 0 people
2025-09-04 20:54:23,094 - src.computer_vision.person_detector - DEBUG - Detected 0 people
2025-09-04 20:54:23,216 - src.computer_vision.person_detector - DEBUG - Detected 0 people
2025-09-04 20:54:23,246 - __main__ - DEBUG - Status - Count: 0, FPS: 8.3
2025-09-04 20:54:23,348 - src.computer_vision.person_detector - DEBUG - Detected 0 people
2025-09-04 20:54:23,458 - src.computer_vision.person_detector - DEBUG - Detected 0 people
2025-09-04 20:54:23,578 - src.computer_vision.person_detector - DEBUG - Detected 0 people
2025-09-04 20:54:23,700 - src.computer_vision.person_detector - DEBUG - Detected 0 people
2025-09-04 20:54:23,818 - src.computer_vision.person_detector - DEBUG - Detected 0 people
2025-09-04 20:54:23,936 - src.computer_vision.person_detector - DEBUG - Detected 0 people
2025-09-04 20:54:24,056 - src.computer_vision.person_detector - DEBUG - Detected 0 people
2025-09-04 20:54:24,175 - src.computer_vision.person_detector - DEBUG - Detected 0 people
2025-09-04 20:54:24,292 - src.computer_vision.person_detector - DEBUG - Detected 0 people
2025-09-04 20:54:24,421 - src.computer_vision.person_detector - DEBUG - Detected 0 people
2025-09-04 20:54:24,582 - src.computer_vision.person_detector - DEBUG - Detected 0 people
2025-09-04 20:54:24,688 - src.computer_vision.person_detector - DEBUG - Detected 0 people
2025-09-04 20:54:24,777 - src.computer_vision.person_detector - DEBUG - Detected 0 people
2025-09-04 20:54:24,902 - __main__ - INFO - Received signal 2, shutting down...
2025-09-04 20:54:24,903 - __main__ - INFO - Shutting down application...
2025-09-04 20:54:24,908 - src.computer_vision.person_detector - DEBUG - Detected 0 people
2025-09-04 20:54:24,973 - src.computer_vision.camera_stream - INFO - Camera stream stopped
2025-09-04 20:54:24,973 - src.computer_vision.passenger_counter - INFO - Passenger counter stopped
2025-09-04 20:54:24,973 - __main__ - INFO - Application shutdown complete
2025-09-04 20:54:28,248 - __main__ - INFO - Exiting main application loop
2025-09-04 20:54:28,249 - __main__ - INFO - Shutting down application...
2025-09-04 20:54:28,249 - src.computer_vision.camera_stream - INFO - Camera stream stopped
2025-09-04 20:54:28,249 - src.computer_vision.passenger_counter - INFO - Passenger counter stopped
2025-09-04 20:54:28,249 - __main__ - INFO - Application shutdown complete
